C51 COMPILER V9.56.0.0   MASTER_ROBOT                                                      07/25/2017 22:31:46 PAGE 1   


C51 COMPILER V9.56.0.0, COMPILATION OF MODULE MASTER_ROBOT
OBJECT MODULE PLACED IN .\Objects\master robot.obj
COMPILER INVOKED BY: C:\Keil_v5\C51\BIN\C51.EXE master robot.c OPTIMIZE(8,SPEED) BROWSE DEBUG OBJECTEXTEND PRINT(.\Listi
                    -ngs\master robot.lst) TABS(2) OBJECT(.\Objects\master robot.obj)

line level    source

   1          #include <reg52.h>
   2          #include <stdio.h>
   3          #define lt 0x06;
   4          #define rt 0x09;
   5          #define stop 0x00;
   6          #define st 0x0a;
   7          #define rev 0x05;
   8          
   9          unsigned int a ;
  10          void delay(unsigned int t)
  11          {
  12   1        int i;
  13   1        int j;
  14   1        for(i=0;i<t;i++)
  15   1      { 
  16   2        for(j=0;j<1275;j++);
  17   2        
  18   2      }
  19   1      }
  20          
  21          void main()
  22          {
  23   1        while(1)
  24   1        {
  25   2          a=P1&0x03;
  26   2          if(a==0x01)
  27   2          {
  28   3            P2=rev;
  29   3            P0=rev;
  30   3            delay(50);
  31   3            P2=stop;
  32   3            P0=stop;
  33   3            delay(50);
  34   3            P2=lt;
  35   3            P0=lt;
  36   3            delay(50);
  37   3          }
  38   2            
  39   2        if(a==0x02)
  40   2        {
  41   3          P2=rev;
  42   3          P0=rev;
  43   3          delay(50);
  44   3          P2=stop;
  45   3          P0=stop;
  46   3          delay(50);
  47   3          P2=rt;
  48   3          P0=rt;
  49   3          delay(50);
  50   3        }
  51   2         
  52   2        if(a==0x03)
  53   2        {
  54   3          P2=rev;
C51 COMPILER V9.56.0.0   MASTER_ROBOT                                                      07/25/2017 22:31:46 PAGE 2   

  55   3          P0=rev;
  56   3          delay(50);
  57   3          P2=stop;
  58   3          P0=stop;
  59   3          delay(50);
  60   3          P2=rt;
  61   3          P0=rt;
  62   3          delay(50);
  63   3        }
  64   2        if(a==0x00)
  65   2        {
  66   3          P2=st;
  67   3          P0=st;
  68   3        }
  69   2      }
  70   1      }


MODULE INFORMATION:   STATIC OVERLAYABLE
   CODE SIZE        =    131    ----
   CONSTANT SIZE    =   ----    ----
   XDATA SIZE       =   ----    ----
   PDATA SIZE       =   ----    ----
   DATA SIZE        =      2    ----
   IDATA SIZE       =   ----    ----
   BIT SIZE         =   ----    ----
END OF MODULE INFORMATION.


C51 COMPILATION COMPLETE.  0 WARNING(S),  0 ERROR(S)
